<?xml version="1.0" encoding="UTF-8"?>
<!-- Generated by org.testng.reporters.JUnitReportReporter -->
<testsuite hostname="LAPTOP-F0GH12TC" failures="0" tests="1" name="testng.Assertt" time="6.041" errors="0" timestamp="2024-12-06T11:45:59 IST" skipped="0">
  <testcase classname="testng.Assertt" name="Login" time="6.041"/>
  <system-out/>
</testsuite> <!-- testng.Assertt -->
