<?xml version="1.0" encoding="UTF-8"?>
<!-- Generated by org.testng.reporters.JUnitReportReporter -->
<testsuite hostname="LAPTOP-F0GH12TC" failures="0" tests="2" name="testng.Script001" time="0.004" errors="0" timestamp="2024-11-28T11:51:26 IST" skipped="0">
  <testcase classname="testng.Script001" name="test" time="0.002"/>
  <system-out/>
  <testcase classname="testng.Script001" name="Testcase1" time="0.002"/>
  <system-out>
    <![CDATA[hello]]>
  </system-out>
</testsuite> <!-- testng.Script001 -->
